Vivado Simulator v2023.2
Copyright 1986-2022 Xilinx, Inc. All Rights Reserved.
Copyright 2022-2023 Advanced Micro Devices, Inc. All Rights Reserved.
Running: C:/Users/arify/Programs_4_user/Xlinx/Vivado/2023.2/bin/unwrapped/win64.o/xelab.exe --incr --debug typical --relax --mt 2 -L xil_defaultlib -L secureip --snapshot tb_t10_system_behav xil_defaultlib.tb_t10_system -log elaborate.log 
Using 2 slave threads.
Starting static elaboration
Completed static elaboration
Starting simulation data flow analysis
Completed simulation data flow analysis
Time Resolution for simulation is 1ps
Compiling package std.standard
Compiling package std.textio
Compiling package ieee.std_logic_1164
Compiling package ieee.std_logic_arith
Compiling package ieee.std_logic_unsigned
Compiling architecture bhvl_ha of entity xil_defaultlib.t10_HA [t10_ha_default]
Compiling architecture bhvl_fa of entity xil_defaultlib.t10_FA [t10_fa_default]
Compiling architecture bhvl_na of entity xil_defaultlib.t10_NA [t10_na_default]
Compiling architecture bhvl_system of entity xil_defaultlib.t10_system [t10_system_default]
Compiling architecture bhvl_tb_system of entity xil_defaultlib.tb_t10_system
Built simulation snapshot tb_t10_system_behav
